
*** Running vivado
    with args -log PGCD.vds -m64 -product Vivado -mode batch -messageDb vivado.pb -notrace -source PGCD.tcl


****** Vivado v2018.2 (64-bit)
  **** SW Build 2258646 on Thu Jun 14 20:02:38 MDT 2018
  **** IP Build 2256618 on Thu Jun 14 22:10:49 MDT 2018
    ** Copyright 1986-2018 Xilinx, Inc. All Rights Reserved.

source PGCD.tcl -notrace
Command: synth_design -top PGCD -part xc7a50tcsg324-1
Starting synth_design
Attempting to get a license for feature 'Synthesis' and/or device 'xc7a50t'
INFO: [Common 17-349] Got license for feature 'Synthesis' and/or device 'xc7a50t'
INFO: Launching helper process for spawning children vivado processes
INFO: Helper process launched with PID 16846 
---------------------------------------------------------------------------------
Starting Synthesize : Time (s): cpu = 00:00:02 ; elapsed = 00:00:03 . Memory (MB): peak = 1416.188 ; gain = 86.820 ; free physical = 8893 ; free virtual = 28152
---------------------------------------------------------------------------------
ERROR: [Synth 8-944] 0 definitions of operator ">=" match here [/net/s/lmartin042/project_1/project_1.srcs/sources_1/new/PGCD.vhd:112]
ERROR: [Synth 8-944] 0 definitions of operator ">=" match here [/net/s/lmartin042/project_1/project_1.srcs/sources_1/new/PGCD.vhd:113]
ERROR: [Synth 8-944] 0 definitions of operator "<=" match here [/net/s/lmartin042/project_1/project_1.srcs/sources_1/new/PGCD.vhd:114]
ERROR: [Synth 8-944] 0 definitions of operator "<=" match here [/net/s/lmartin042/project_1/project_1.srcs/sources_1/new/PGCD.vhd:115]
INFO: [Synth 8-2810] unit behavioral ignored due to previous errors [/net/s/lmartin042/project_1/project_1.srcs/sources_1/new/PGCD.vhd:50]
---------------------------------------------------------------------------------
Finished Synthesize : Time (s): cpu = 00:00:02 ; elapsed = 00:00:04 . Memory (MB): peak = 1459.812 ; gain = 130.445 ; free physical = 8902 ; free virtual = 28162
---------------------------------------------------------------------------------
synthesize failed
INFO: [Common 17-83] Releasing license: Synthesis
3 Infos, 0 Warnings, 0 Critical Warnings and 5 Errors encountered.
synth_design failed
ERROR: [Common 17-69] Command failed: Vivado Synthesis failed
INFO: [Common 17-206] Exiting Vivado at Thu Feb 11 14:49:21 2021...
