Vivado Simulator 2018.2
Time resolution is 1 ps
Error: A negative
Time: 45 ns  Iteration: 0  Process: /PGCD_tb/uut/cal_output  File: /net/s/lmartin042/project_1/project_1.srcs/sources_1/new/PGCD.vhd
Error: A negative
Time: 55 ns  Iteration: 0  Process: /PGCD_tb/uut/cal_output  File: /net/s/lmartin042/project_1/project_1.srcs/sources_1/new/PGCD.vhd
Error: A negative
Time: 65 ns  Iteration: 0  Process: /PGCD_tb/uut/cal_output  File: /net/s/lmartin042/project_1/project_1.srcs/sources_1/new/PGCD.vhd
Error: A negative
Time: 75 ns  Iteration: 0  Process: /PGCD_tb/uut/cal_output  File: /net/s/lmartin042/project_1/project_1.srcs/sources_1/new/PGCD.vhd
Error: A negative
Time: 85 ns  Iteration: 0  Process: /PGCD_tb/uut/cal_output  File: /net/s/lmartin042/project_1/project_1.srcs/sources_1/new/PGCD.vhd
Error: Resimt not divide B
Time: 175 ns  Iteration: 0  Process: /PGCD_tb/uut/cal_output  File: /net/s/lmartin042/project_1/project_1.srcs/sources_1/new/PGCD.vhd
Error: A negative
Time: 185 ns  Iteration: 0  Process: /PGCD_tb/uut/cal_output  File: /net/s/lmartin042/project_1/project_1.srcs/sources_1/new/PGCD.vhd
Error: A negative
Time: 195 ns  Iteration: 0  Process: /PGCD_tb/uut/cal_output  File: /net/s/lmartin042/project_1/project_1.srcs/sources_1/new/PGCD.vhd
Error: A negative
Time: 205 ns  Iteration: 0  Process: /PGCD_tb/uut/cal_output  File: /net/s/lmartin042/project_1/project_1.srcs/sources_1/new/PGCD.vhd
Error: A negative
Time: 215 ns  Iteration: 0  Process: /PGCD_tb/uut/cal_output  File: /net/s/lmartin042/project_1/project_1.srcs/sources_1/new/PGCD.vhd
Error: A negative
Time: 225 ns  Iteration: 0  Process: /PGCD_tb/uut/cal_output  File: /net/s/lmartin042/project_1/project_1.srcs/sources_1/new/PGCD.vhd
Error: A negative
Time: 235 ns  Iteration: 0  Process: /PGCD_tb/uut/cal_output  File: /net/s/lmartin042/project_1/project_1.srcs/sources_1/new/PGCD.vhd
Error: A negative
Time: 245 ns  Iteration: 0  Process: /PGCD_tb/uut/cal_output  File: /net/s/lmartin042/project_1/project_1.srcs/sources_1/new/PGCD.vhd
Error: A negative
Time: 255 ns  Iteration: 0  Process: /PGCD_tb/uut/cal_output  File: /net/s/lmartin042/project_1/project_1.srcs/sources_1/new/PGCD.vhd
Error: A negative
Time: 265 ns  Iteration: 0  Process: /PGCD_tb/uut/cal_output  File: /net/s/lmartin042/project_1/project_1.srcs/sources_1/new/PGCD.vhd
Error: A negative
Time: 275 ns  Iteration: 0  Process: /PGCD_tb/uut/cal_output  File: /net/s/lmartin042/project_1/project_1.srcs/sources_1/new/PGCD.vhd
Error: A negative
Time: 285 ns  Iteration: 0  Process: /PGCD_tb/uut/cal_output  File: /net/s/lmartin042/project_1/project_1.srcs/sources_1/new/PGCD.vhd
Error: A negative
Time: 295 ns  Iteration: 0  Process: /PGCD_tb/uut/cal_output  File: /net/s/lmartin042/project_1/project_1.srcs/sources_1/new/PGCD.vhd
Error: A negative
Time: 305 ns  Iteration: 0  Process: /PGCD_tb/uut/cal_output  File: /net/s/lmartin042/project_1/project_1.srcs/sources_1/new/PGCD.vhd
Error: A negative
Time: 315 ns  Iteration: 0  Process: /PGCD_tb/uut/cal_output  File: /net/s/lmartin042/project_1/project_1.srcs/sources_1/new/PGCD.vhd
Error: A negative
Time: 325 ns  Iteration: 0  Process: /PGCD_tb/uut/cal_output  File: /net/s/lmartin042/project_1/project_1.srcs/sources_1/new/PGCD.vhd
Error: A negative
Time: 335 ns  Iteration: 0  Process: /PGCD_tb/uut/cal_output  File: /net/s/lmartin042/project_1/project_1.srcs/sources_1/new/PGCD.vhd
Error: A negative
Time: 345 ns  Iteration: 0  Process: /PGCD_tb/uut/cal_output  File: /net/s/lmartin042/project_1/project_1.srcs/sources_1/new/PGCD.vhd
Error: A negative
Time: 355 ns  Iteration: 0  Process: /PGCD_tb/uut/cal_output  File: /net/s/lmartin042/project_1/project_1.srcs/sources_1/new/PGCD.vhd
Error: A negative
Time: 365 ns  Iteration: 0  Process: /PGCD_tb/uut/cal_output  File: /net/s/lmartin042/project_1/project_1.srcs/sources_1/new/PGCD.vhd
Error: A negative
Time: 375 ns  Iteration: 0  Process: /PGCD_tb/uut/cal_output  File: /net/s/lmartin042/project_1/project_1.srcs/sources_1/new/PGCD.vhd
Error: A negative
Time: 385 ns  Iteration: 0  Process: /PGCD_tb/uut/cal_output  File: /net/s/lmartin042/project_1/project_1.srcs/sources_1/new/PGCD.vhd
Error: A negative
Time: 395 ns  Iteration: 0  Process: /PGCD_tb/uut/cal_output  File: /net/s/lmartin042/project_1/project_1.srcs/sources_1/new/PGCD.vhd
Error: A negative
Time: 405 ns  Iteration: 0  Process: /PGCD_tb/uut/cal_output  File: /net/s/lmartin042/project_1/project_1.srcs/sources_1/new/PGCD.vhd
Error: A negative
Time: 415 ns  Iteration: 0  Process: /PGCD_tb/uut/cal_output  File: /net/s/lmartin042/project_1/project_1.srcs/sources_1/new/PGCD.vhd
Error: A negative
Time: 425 ns  Iteration: 0  Process: /PGCD_tb/uut/cal_output  File: /net/s/lmartin042/project_1/project_1.srcs/sources_1/new/PGCD.vhd
Error: A negative
Time: 435 ns  Iteration: 0  Process: /PGCD_tb/uut/cal_output  File: /net/s/lmartin042/project_1/project_1.srcs/sources_1/new/PGCD.vhd
Error: A negative
Time: 445 ns  Iteration: 0  Process: /PGCD_tb/uut/cal_output  File: /net/s/lmartin042/project_1/project_1.srcs/sources_1/new/PGCD.vhd
Error: A negative
Time: 455 ns  Iteration: 0  Process: /PGCD_tb/uut/cal_output  File: /net/s/lmartin042/project_1/project_1.srcs/sources_1/new/PGCD.vhd
Error: A negative
Time: 465 ns  Iteration: 0  Process: /PGCD_tb/uut/cal_output  File: /net/s/lmartin042/project_1/project_1.srcs/sources_1/new/PGCD.vhd
Error: A negative
Time: 475 ns  Iteration: 0  Process: /PGCD_tb/uut/cal_output  File: /net/s/lmartin042/project_1/project_1.srcs/sources_1/new/PGCD.vhd
Error: A negative
Time: 485 ns  Iteration: 0  Process: /PGCD_tb/uut/cal_output  File: /net/s/lmartin042/project_1/project_1.srcs/sources_1/new/PGCD.vhd
Error: A negative
Time: 495 ns  Iteration: 0  Process: /PGCD_tb/uut/cal_output  File: /net/s/lmartin042/project_1/project_1.srcs/sources_1/new/PGCD.vhd
Error: A negative
Time: 505 ns  Iteration: 0  Process: /PGCD_tb/uut/cal_output  File: /net/s/lmartin042/project_1/project_1.srcs/sources_1/new/PGCD.vhd
Error: A negative
Time: 515 ns  Iteration: 0  Process: /PGCD_tb/uut/cal_output  File: /net/s/lmartin042/project_1/project_1.srcs/sources_1/new/PGCD.vhd
Error: A negative
Time: 525 ns  Iteration: 0  Process: /PGCD_tb/uut/cal_output  File: /net/s/lmartin042/project_1/project_1.srcs/sources_1/new/PGCD.vhd
Error: A negative
Time: 535 ns  Iteration: 0  Process: /PGCD_tb/uut/cal_output  File: /net/s/lmartin042/project_1/project_1.srcs/sources_1/new/PGCD.vhd
Error: A negative
Time: 545 ns  Iteration: 0  Process: /PGCD_tb/uut/cal_output  File: /net/s/lmartin042/project_1/project_1.srcs/sources_1/new/PGCD.vhd
Error: A negative
Time: 555 ns  Iteration: 0  Process: /PGCD_tb/uut/cal_output  File: /net/s/lmartin042/project_1/project_1.srcs/sources_1/new/PGCD.vhd
Error: A negative
Time: 565 ns  Iteration: 0  Process: /PGCD_tb/uut/cal_output  File: /net/s/lmartin042/project_1/project_1.srcs/sources_1/new/PGCD.vhd
Error: A negative
Time: 575 ns  Iteration: 0  Process: /PGCD_tb/uut/cal_output  File: /net/s/lmartin042/project_1/project_1.srcs/sources_1/new/PGCD.vhd
Error: A negative
Time: 585 ns  Iteration: 0  Process: /PGCD_tb/uut/cal_output  File: /net/s/lmartin042/project_1/project_1.srcs/sources_1/new/PGCD.vhd
Error: A negative
Time: 595 ns  Iteration: 0  Process: /PGCD_tb/uut/cal_output  File: /net/s/lmartin042/project_1/project_1.srcs/sources_1/new/PGCD.vhd
Error: A negative
Time: 605 ns  Iteration: 0  Process: /PGCD_tb/uut/cal_output  File: /net/s/lmartin042/project_1/project_1.srcs/sources_1/new/PGCD.vhd
Error: A negative
Time: 615 ns  Iteration: 0  Process: /PGCD_tb/uut/cal_output  File: /net/s/lmartin042/project_1/project_1.srcs/sources_1/new/PGCD.vhd
Error: A negative
Time: 625 ns  Iteration: 0  Process: /PGCD_tb/uut/cal_output  File: /net/s/lmartin042/project_1/project_1.srcs/sources_1/new/PGCD.vhd
Error: A negative
Time: 635 ns  Iteration: 0  Process: /PGCD_tb/uut/cal_output  File: /net/s/lmartin042/project_1/project_1.srcs/sources_1/new/PGCD.vhd
Error: A negative
Time: 645 ns  Iteration: 0  Process: /PGCD_tb/uut/cal_output  File: /net/s/lmartin042/project_1/project_1.srcs/sources_1/new/PGCD.vhd
Error: A negative
Time: 655 ns  Iteration: 0  Process: /PGCD_tb/uut/cal_output  File: /net/s/lmartin042/project_1/project_1.srcs/sources_1/new/PGCD.vhd
Error: A negative
Time: 665 ns  Iteration: 0  Process: /PGCD_tb/uut/cal_output  File: /net/s/lmartin042/project_1/project_1.srcs/sources_1/new/PGCD.vhd
Error: A negative
Time: 675 ns  Iteration: 0  Process: /PGCD_tb/uut/cal_output  File: /net/s/lmartin042/project_1/project_1.srcs/sources_1/new/PGCD.vhd
Error: A negative
Time: 685 ns  Iteration: 0  Process: /PGCD_tb/uut/cal_output  File: /net/s/lmartin042/project_1/project_1.srcs/sources_1/new/PGCD.vhd
Error: A negative
Time: 695 ns  Iteration: 0  Process: /PGCD_tb/uut/cal_output  File: /net/s/lmartin042/project_1/project_1.srcs/sources_1/new/PGCD.vhd
Error: A negative
Time: 705 ns  Iteration: 0  Process: /PGCD_tb/uut/cal_output  File: /net/s/lmartin042/project_1/project_1.srcs/sources_1/new/PGCD.vhd
Error: A negative
Time: 715 ns  Iteration: 0  Process: /PGCD_tb/uut/cal_output  File: /net/s/lmartin042/project_1/project_1.srcs/sources_1/new/PGCD.vhd
Error: A negative
Time: 725 ns  Iteration: 0  Process: /PGCD_tb/uut/cal_output  File: /net/s/lmartin042/project_1/project_1.srcs/sources_1/new/PGCD.vhd
Error: A negative
Time: 735 ns  Iteration: 0  Process: /PGCD_tb/uut/cal_output  File: /net/s/lmartin042/project_1/project_1.srcs/sources_1/new/PGCD.vhd
Error: A negative
Time: 745 ns  Iteration: 0  Process: /PGCD_tb/uut/cal_output  File: /net/s/lmartin042/project_1/project_1.srcs/sources_1/new/PGCD.vhd
Error: A negative
Time: 755 ns  Iteration: 0  Process: /PGCD_tb/uut/cal_output  File: /net/s/lmartin042/project_1/project_1.srcs/sources_1/new/PGCD.vhd
Error: A negative
Time: 765 ns  Iteration: 0  Process: /PGCD_tb/uut/cal_output  File: /net/s/lmartin042/project_1/project_1.srcs/sources_1/new/PGCD.vhd
Error: A negative
Time: 775 ns  Iteration: 0  Process: /PGCD_tb/uut/cal_output  File: /net/s/lmartin042/project_1/project_1.srcs/sources_1/new/PGCD.vhd
Error: A negative
Time: 785 ns  Iteration: 0  Process: /PGCD_tb/uut/cal_output  File: /net/s/lmartin042/project_1/project_1.srcs/sources_1/new/PGCD.vhd
Error: A negative
Time: 795 ns  Iteration: 0  Process: /PGCD_tb/uut/cal_output  File: /net/s/lmartin042/project_1/project_1.srcs/sources_1/new/PGCD.vhd
Error: A negative
Time: 805 ns  Iteration: 0  Process: /PGCD_tb/uut/cal_output  File: /net/s/lmartin042/project_1/project_1.srcs/sources_1/new/PGCD.vhd
Error: A negative
Time: 815 ns  Iteration: 0  Process: /PGCD_tb/uut/cal_output  File: /net/s/lmartin042/project_1/project_1.srcs/sources_1/new/PGCD.vhd
Error: A negative
Time: 825 ns  Iteration: 0  Process: /PGCD_tb/uut/cal_output  File: /net/s/lmartin042/project_1/project_1.srcs/sources_1/new/PGCD.vhd
Error: A negative
Time: 835 ns  Iteration: 0  Process: /PGCD_tb/uut/cal_output  File: /net/s/lmartin042/project_1/project_1.srcs/sources_1/new/PGCD.vhd
Error: A negative
Time: 845 ns  Iteration: 0  Process: /PGCD_tb/uut/cal_output  File: /net/s/lmartin042/project_1/project_1.srcs/sources_1/new/PGCD.vhd
Error: A negative
Time: 855 ns  Iteration: 0  Process: /PGCD_tb/uut/cal_output  File: /net/s/lmartin042/project_1/project_1.srcs/sources_1/new/PGCD.vhd
Error: A negative
Time: 865 ns  Iteration: 0  Process: /PGCD_tb/uut/cal_output  File: /net/s/lmartin042/project_1/project_1.srcs/sources_1/new/PGCD.vhd
Error: A negative
Time: 875 ns  Iteration: 0  Process: /PGCD_tb/uut/cal_output  File: /net/s/lmartin042/project_1/project_1.srcs/sources_1/new/PGCD.vhd
Error: A negative
Time: 885 ns  Iteration: 0  Process: /PGCD_tb/uut/cal_output  File: /net/s/lmartin042/project_1/project_1.srcs/sources_1/new/PGCD.vhd
Error: A negative
Time: 895 ns  Iteration: 0  Process: /PGCD_tb/uut/cal_output  File: /net/s/lmartin042/project_1/project_1.srcs/sources_1/new/PGCD.vhd
Error: A negative
Time: 905 ns  Iteration: 0  Process: /PGCD_tb/uut/cal_output  File: /net/s/lmartin042/project_1/project_1.srcs/sources_1/new/PGCD.vhd
Error: A negative
Time: 915 ns  Iteration: 0  Process: /PGCD_tb/uut/cal_output  File: /net/s/lmartin042/project_1/project_1.srcs/sources_1/new/PGCD.vhd
Error: A negative
Time: 925 ns  Iteration: 0  Process: /PGCD_tb/uut/cal_output  File: /net/s/lmartin042/project_1/project_1.srcs/sources_1/new/PGCD.vhd
Error: A negative
Time: 935 ns  Iteration: 0  Process: /PGCD_tb/uut/cal_output  File: /net/s/lmartin042/project_1/project_1.srcs/sources_1/new/PGCD.vhd
Error: A negative
Time: 945 ns  Iteration: 0  Process: /PGCD_tb/uut/cal_output  File: /net/s/lmartin042/project_1/project_1.srcs/sources_1/new/PGCD.vhd
Error: A negative
Time: 955 ns  Iteration: 0  Process: /PGCD_tb/uut/cal_output  File: /net/s/lmartin042/project_1/project_1.srcs/sources_1/new/PGCD.vhd
Error: A negative
Time: 965 ns  Iteration: 0  Process: /PGCD_tb/uut/cal_output  File: /net/s/lmartin042/project_1/project_1.srcs/sources_1/new/PGCD.vhd
Error: A negative
Time: 975 ns  Iteration: 0  Process: /PGCD_tb/uut/cal_output  File: /net/s/lmartin042/project_1/project_1.srcs/sources_1/new/PGCD.vhd
Error: A negative
Time: 985 ns  Iteration: 0  Process: /PGCD_tb/uut/cal_output  File: /net/s/lmartin042/project_1/project_1.srcs/sources_1/new/PGCD.vhd
Error: A negative
Time: 995 ns  Iteration: 0  Process: /PGCD_tb/uut/cal_output  File: /net/s/lmartin042/project_1/project_1.srcs/sources_1/new/PGCD.vhd
